Arguments: 
  D:\nodejs\node.exe C:\Users\zone98f\AppData\Roaming\npm\node_modules\yarn\bin\yarn.js add --dev jest

PATH: 
  C:\Program Files\Common Files\Oracle\Java\javapath;C:\Windows\system32;C:\Windows;C:\Windows\System32\Wbem;C:\Windows\System32\WindowsPowerShell\v1.0\;C:\Windows\System32\OpenSSH\;D:\Git\cmd;%NVM_HOME%;%NVM_SYMLINK%;D:\nodejs\;C:\Users\zone98f\AppData\Local\Microsoft\WindowsApps;C:\Users\zone98f\AppData\Local\Programs\Microsoft VS Code\bin;C:\Users\zone98f\AppData\Roaming\nvm;C:\Program Files\nodejs;C:\Users\zone98f\AppData\Roaming\npm

Yarn version: 
  1.22.18

Node version: 
  16.15.0

Platform: 
  win32 x64

Trace: 
  Error: getaddrinfo ENOTFOUND registry.cnpmjs.org
      at GetAddrInfoReqWrap.onlookup [as oncomplete] (node:dns:71:26)

npm manifest: 
  {
    "name": "practice",
    "version": "1.0.0",
    "description": "[postMessage](https://zone-f.github.io/practice/postMessage/1.html )",
    "main": "index.js",
    "scripts": {
      "test": "jest"
    },
    "repository": {
      "type": "git",
      "url": "git+https://github.com/Zone-F/practice.git"
    },
    "author": "",
    "license": "ISC",
    "bugs": {
      "url": "https://github.com/Zone-F/practice/issues"
    },
    "homepage": "https://github.com/Zone-F/practice#readme"
  }

yarn manifest: 
  No manifest

Lockfile: 
  No lockfile
